2019-03-13 10:47:29.585 [main][postProcessAfterInitialization:330] INFO  o.s.c.s.PostProcessorRegistrationDelegate$BeanPostProcessorChecker - Bean 'org.springframework.cloud.autoconfigure.ConfigurationPropertiesRebinderAutoConfiguration' of type [org.springframework.cloud.autoconfigure.ConfigurationPropertiesRebinderAutoConfiguration$$EnhancerBySpringCGLIB$$117845bb] is not eligible for getting processed by all BeanPostProcessors (for example: not eligible for auto-proxying)
2019-03-13 10:47:29.748 [main][getRemoteEnvironment:207] INFO  o.s.c.c.c.ConfigServicePropertySourceLocator - Fetching config from server at : http://localhost:5001
2019-03-13 10:47:32.281 [main][log:151] INFO  o.s.c.c.c.ConfigServicePropertySourceLocator - Located environment: name=sampleGateWay, profiles=[local], label=null, version=7063ed57c111643a539dfdacc0be0104e7efc4f6, state=null
2019-03-13 10:47:32.281 [main][initialize:101] INFO  o.s.c.b.c.PropertySourceBootstrapConfiguration - Located property source: CompositePropertySource {name='configService', propertySources=[MapPropertySource {name='configClient'}, MapPropertySource {name='https://github.com/smluv82/sampleConfigRepository/sampleGateWay-local.yml'}]}
2019-03-13 10:47:32.284 [main][logStartupProfileInfo:679] INFO  c.s.gateway.SampleGateWayApplication - The following profiles are active: local
2019-03-13 10:47:32.693 [main][setSerializationId:295] INFO  o.s.cloud.context.scope.GenericScope - BeanFactory id=655c9152-52bc-3ac5-a50b-84f503908722
2019-03-13 10:47:32.733 [main][postProcessAfterInitialization:330] INFO  o.s.c.s.PostProcessorRegistrationDelegate$BeanPostProcessorChecker - Bean 'org.springframework.cloud.autoconfigure.ConfigurationPropertiesRebinderAutoConfiguration' of type [org.springframework.cloud.autoconfigure.ConfigurationPropertiesRebinderAutoConfiguration$$EnhancerBySpringCGLIB$$117845bb] is not eligible for getting processed by all BeanPostProcessors (for example: not eligible for auto-proxying)
2019-03-13 10:47:32.878 [main][initialize:90] INFO  o.s.b.w.e.tomcat.TomcatWebServer - Tomcat initialized with port(s): 5002 (http)
2019-03-13 10:47:32.885 [main][log:173] INFO  o.a.coyote.http11.Http11NioProtocol - Initializing ProtocolHandler ["http-nio-5002"]
2019-03-13 10:47:32.890 [main][log:173] INFO  o.a.catalina.core.StandardService - Starting service [Tomcat]
2019-03-13 10:47:32.890 [main][log:173] INFO  o.a.catalina.core.StandardEngine - Starting Servlet engine: [Apache Tomcat/9.0.16]
2019-03-13 10:47:32.894 [main][log:173] INFO  o.a.c.core.AprLifecycleListener - The APR based Apache Tomcat Native library which allows optimal performance in production environments was not found on the java.library.path: [C:\Program Files\Java\jdk1.8.0_192\bin;C:\WINDOWS\Sun\Java\bin;C:\WINDOWS\system32;C:\WINDOWS;C:/Program Files/Java/jre1.8.0_192/bin/server;C:/Program Files/Java/jre1.8.0_192/bin;C:/Program Files/Java/jre1.8.0_192/lib/amd64;C:\Program Files (x86)\Common Files\Oracle\Java\javapath;C:\Program Files (x86)\Intel\Intel(R) Management Engine Components\iCLS\;C:\Program Files\Intel\Intel(R) Management Engine Components\iCLS\;C:\WINDOWS\system32;C:\WINDOWS;C:\WINDOWS\System32\Wbem;C:\WINDOWS\System32\WindowsPowerShell\v1.0\;C:\Program Files (x86)\Intel\Intel(R) Management Engine Components\DAL;C:\Program Files\Intel\Intel(R) Management Engine Components\DAL;C:\Program Files (x86)\Intel\Intel(R) Management Engine Components\IPT;C:\Program Files\Intel\Intel(R) Management Engine Components\IPT;C:\Program Files\Java\jdk1.8.0_192\bin;C:\Program Files\Git\cmd;C:\WINDOWS\System32\OpenSSH\;C:\Program Files\MongoDB\Server\4.0\bin;C:\Users\Owner\AppData\Local\Programs\Python\Python37-32\Scripts\;C:\Users\Owner\AppData\Local\Programs\Python\Python37-32\;C:\Users\Owner\AppData\Local\Microsoft\WindowsApps;;C:\Users\Owner\AppData\Local\Programs\Microsoft VS Code\bin;D:\development\sts-4.0.1.RELEASE;;.]
2019-03-13 10:47:32.986 [main][log:173] INFO  o.a.c.c.C.[Tomcat].[localhost].[/] - Initializing Spring embedded WebApplicationContext
2019-03-13 10:47:32.986 [main][prepareWebApplicationContext:296] INFO  o.s.web.context.ContextLoader - Root WebApplicationContext: initialization completed in 697 ms
2019-03-13 10:47:33.098 [main][<init>:121] WARN  c.n.c.sources.URLConfigurationSource - No URLs will be polled as dynamic configuration sources.
2019-03-13 10:47:33.099 [main][<init>:122] INFO  c.n.c.sources.URLConfigurationSource - To enable URLs as dynamic configuration sources, define System property archaius.configurationSource.additionalUrls or make config.properties available on classpath.
2019-03-13 10:47:33.104 [main][getInstance:281] INFO  c.n.config.DynamicPropertyFactory - DynamicPropertyFactory is initialized with configuration sources: com.netflix.config.ConcurrentCompositeConfiguration@2819c460
2019-03-13 10:47:33.254 [main][<init>:121] WARN  c.n.c.sources.URLConfigurationSource - No URLs will be polled as dynamic configuration sources.
2019-03-13 10:47:33.254 [main][<init>:122] INFO  c.n.c.sources.URLConfigurationSource - To enable URLs as dynamic configuration sources, define System property archaius.configurationSource.additionalUrls or make config.properties available on classpath.
2019-03-13 10:47:33.344 [main][initialize:171] INFO  o.s.s.c.ThreadPoolTaskExecutor - Initializing ExecutorService 'applicationTaskExecutor'
2019-03-13 10:47:33.630 [main][<init>:59] INFO  o.s.b.a.e.web.EndpointLinksResolver - Exposing 2 endpoint(s) beneath base path '/actuator'
2019-03-13 10:47:33.682 [main][log:173] INFO  o.a.coyote.http11.Http11NioProtocol - Starting ProtocolHandler ["http-nio-5002"]
2019-03-13 10:47:33.696 [main][start:204] INFO  o.s.b.w.e.tomcat.TomcatWebServer - Tomcat started on port(s): 5002 (http) with context path ''
2019-03-13 10:47:33.697 [main][logStarted:59] INFO  c.s.gateway.SampleGateWayApplication - Started SampleGateWayApplication in 4.594 seconds (JVM running for 5.168)
2019-03-13 10:49:31.747 [http-nio-5002-exec-1][log:173] INFO  o.a.c.c.C.[Tomcat].[localhost].[/] - Initializing Spring DispatcherServlet 'dispatcherServlet'
2019-03-13 10:49:31.747 [http-nio-5002-exec-1][initServletBean:524] INFO  o.s.web.servlet.DispatcherServlet - Initializing Servlet 'dispatcherServlet'
2019-03-13 10:49:31.752 [http-nio-5002-exec-1][initServletBean:546] INFO  o.s.web.servlet.DispatcherServlet - Completed initialization in 5 ms
2019-03-13 10:51:20.309 [RMI TCP Connection(14)-127.0.0.1][shutdown:163] INFO  o.s.b.a.SpringApplicationAdminMXBeanRegistrar$SpringApplicationAdmin - Application shutdown requested.
2019-03-13 10:51:20.312 [RMI TCP Connection(14)-127.0.0.1][shutdown:208] INFO  o.s.s.c.ThreadPoolTaskExecutor - Shutting down ExecutorService 'applicationTaskExecutor'
2019-03-13 10:51:20.314 [RMI TCP Connection(14)-127.0.0.1][log:173] INFO  o.a.coyote.http11.Http11NioProtocol - Pausing ProtocolHandler ["http-nio-5002"]
2019-03-13 10:51:20.374 [RMI TCP Connection(14)-127.0.0.1][log:173] INFO  o.a.catalina.core.StandardService - Stopping service [Tomcat]
2019-03-13 10:51:20.375 [RMI TCP Connection(14)-127.0.0.1][log:173] INFO  o.a.c.c.C.[Tomcat].[localhost].[/] - Destroying Spring FrameworkServlet 'dispatcherServlet'
2019-03-13 10:51:20.378 [RMI TCP Connection(14)-127.0.0.1][log:173] INFO  o.a.coyote.http11.Http11NioProtocol - Stopping ProtocolHandler ["http-nio-5002"]
2019-03-13 10:51:20.381 [RMI TCP Connection(14)-127.0.0.1][log:173] INFO  o.a.coyote.http11.Http11NioProtocol - Destroying ProtocolHandler ["http-nio-5002"]
2019-03-13 10:51:24.355 [main][postProcessAfterInitialization:330] INFO  o.s.c.s.PostProcessorRegistrationDelegate$BeanPostProcessorChecker - Bean 'org.springframework.cloud.autoconfigure.ConfigurationPropertiesRebinderAutoConfiguration' of type [org.springframework.cloud.autoconfigure.ConfigurationPropertiesRebinderAutoConfiguration$$EnhancerBySpringCGLIB$$8840ebe2] is not eligible for getting processed by all BeanPostProcessors (for example: not eligible for auto-proxying)
2019-03-13 10:51:24.521 [main][getRemoteEnvironment:207] INFO  o.s.c.c.c.ConfigServicePropertySourceLocator - Fetching config from server at : http://localhost:5001
2019-03-13 10:51:25.305 [main][log:151] INFO  o.s.c.c.c.ConfigServicePropertySourceLocator - Located environment: name=sampleGateWay, profiles=[local], label=null, version=7063ed57c111643a539dfdacc0be0104e7efc4f6, state=null
2019-03-13 10:51:25.305 [main][initialize:101] INFO  o.s.c.b.c.PropertySourceBootstrapConfiguration - Located property source: CompositePropertySource {name='configService', propertySources=[MapPropertySource {name='configClient'}, MapPropertySource {name='https://github.com/smluv82/sampleConfigRepository/sampleGateWay-local.yml'}]}
2019-03-13 10:51:25.308 [main][logStartupProfileInfo:679] INFO  c.s.gateway.SampleGateWayApplication - The following profiles are active: local
2019-03-13 10:51:25.717 [main][setSerializationId:295] INFO  o.s.cloud.context.scope.GenericScope - BeanFactory id=655c9152-52bc-3ac5-a50b-84f503908722
2019-03-13 10:51:25.757 [main][postProcessAfterInitialization:330] INFO  o.s.c.s.PostProcessorRegistrationDelegate$BeanPostProcessorChecker - Bean 'org.springframework.cloud.autoconfigure.ConfigurationPropertiesRebinderAutoConfiguration' of type [org.springframework.cloud.autoconfigure.ConfigurationPropertiesRebinderAutoConfiguration$$EnhancerBySpringCGLIB$$8840ebe2] is not eligible for getting processed by all BeanPostProcessors (for example: not eligible for auto-proxying)
2019-03-13 10:51:25.902 [main][initialize:90] INFO  o.s.b.w.e.tomcat.TomcatWebServer - Tomcat initialized with port(s): 5002 (http)
2019-03-13 10:51:25.909 [main][log:173] INFO  o.a.coyote.http11.Http11NioProtocol - Initializing ProtocolHandler ["http-nio-5002"]
2019-03-13 10:51:25.914 [main][log:173] INFO  o.a.catalina.core.StandardService - Starting service [Tomcat]
2019-03-13 10:51:25.915 [main][log:173] INFO  o.a.catalina.core.StandardEngine - Starting Servlet engine: [Apache Tomcat/9.0.16]
2019-03-13 10:51:25.919 [main][log:173] INFO  o.a.c.core.AprLifecycleListener - The APR based Apache Tomcat Native library which allows optimal performance in production environments was not found on the java.library.path: [C:\Program Files\Java\jdk1.8.0_192\bin;C:\WINDOWS\Sun\Java\bin;C:\WINDOWS\system32;C:\WINDOWS;C:/Program Files/Java/jre1.8.0_192/bin/server;C:/Program Files/Java/jre1.8.0_192/bin;C:/Program Files/Java/jre1.8.0_192/lib/amd64;C:\Program Files (x86)\Common Files\Oracle\Java\javapath;C:\Program Files (x86)\Intel\Intel(R) Management Engine Components\iCLS\;C:\Program Files\Intel\Intel(R) Management Engine Components\iCLS\;C:\WINDOWS\system32;C:\WINDOWS;C:\WINDOWS\System32\Wbem;C:\WINDOWS\System32\WindowsPowerShell\v1.0\;C:\Program Files (x86)\Intel\Intel(R) Management Engine Components\DAL;C:\Program Files\Intel\Intel(R) Management Engine Components\DAL;C:\Program Files (x86)\Intel\Intel(R) Management Engine Components\IPT;C:\Program Files\Intel\Intel(R) Management Engine Components\IPT;C:\Program Files\Java\jdk1.8.0_192\bin;C:\Program Files\Git\cmd;C:\WINDOWS\System32\OpenSSH\;C:\Program Files\MongoDB\Server\4.0\bin;C:\Users\Owner\AppData\Local\Programs\Python\Python37-32\Scripts\;C:\Users\Owner\AppData\Local\Programs\Python\Python37-32\;C:\Users\Owner\AppData\Local\Microsoft\WindowsApps;;C:\Users\Owner\AppData\Local\Programs\Microsoft VS Code\bin;D:\development\sts-4.0.1.RELEASE;;.]
2019-03-13 10:51:26.012 [main][log:173] INFO  o.a.c.c.C.[Tomcat].[localhost].[/] - Initializing Spring embedded WebApplicationContext
2019-03-13 10:51:26.012 [main][prepareWebApplicationContext:296] INFO  o.s.web.context.ContextLoader - Root WebApplicationContext: initialization completed in 699 ms
2019-03-13 10:51:26.131 [main][<init>:121] WARN  c.n.c.sources.URLConfigurationSource - No URLs will be polled as dynamic configuration sources.
2019-03-13 10:51:26.131 [main][<init>:122] INFO  c.n.c.sources.URLConfigurationSource - To enable URLs as dynamic configuration sources, define System property archaius.configurationSource.additionalUrls or make config.properties available on classpath.
2019-03-13 10:51:26.137 [main][getInstance:281] INFO  c.n.config.DynamicPropertyFactory - DynamicPropertyFactory is initialized with configuration sources: com.netflix.config.ConcurrentCompositeConfiguration@5f038248
2019-03-13 10:51:26.304 [main][<init>:121] WARN  c.n.c.sources.URLConfigurationSource - No URLs will be polled as dynamic configuration sources.
2019-03-13 10:51:26.304 [main][<init>:122] INFO  c.n.c.sources.URLConfigurationSource - To enable URLs as dynamic configuration sources, define System property archaius.configurationSource.additionalUrls or make config.properties available on classpath.
2019-03-13 10:51:26.400 [main][initialize:171] INFO  o.s.s.c.ThreadPoolTaskExecutor - Initializing ExecutorService 'applicationTaskExecutor'
2019-03-13 10:51:26.683 [main][<init>:59] INFO  o.s.b.a.e.web.EndpointLinksResolver - Exposing 2 endpoint(s) beneath base path '/actuator'
2019-03-13 10:51:26.732 [main][log:173] INFO  o.a.coyote.http11.Http11NioProtocol - Starting ProtocolHandler ["http-nio-5002"]
2019-03-13 10:51:26.745 [main][start:204] INFO  o.s.b.w.e.tomcat.TomcatWebServer - Tomcat started on port(s): 5002 (http) with context path ''
2019-03-13 10:51:26.747 [main][logStarted:59] INFO  c.s.gateway.SampleGateWayApplication - Started SampleGateWayApplication in 2.875 seconds (JVM running for 3.457)
2019-03-13 10:51:29.729 [http-nio-5002-exec-1][log:173] INFO  o.a.c.c.C.[Tomcat].[localhost].[/] - Initializing Spring DispatcherServlet 'dispatcherServlet'
2019-03-13 10:51:29.729 [http-nio-5002-exec-1][initServletBean:524] INFO  o.s.web.servlet.DispatcherServlet - Initializing Servlet 'dispatcherServlet'
2019-03-13 10:51:29.733 [http-nio-5002-exec-1][initServletBean:546] INFO  o.s.web.servlet.DispatcherServlet - Completed initialization in 4 ms
2019-03-13 10:51:35.463 [http-nio-5002-exec-6][getRemoteEnvironment:207] INFO  o.s.c.c.c.ConfigServicePropertySourceLocator - Fetching config from server at : http://localhost:5001
2019-03-13 10:51:36.216 [http-nio-5002-exec-6][log:151] INFO  o.s.c.c.c.ConfigServicePropertySourceLocator - Located environment: name=sampleGateWay, profiles=[local], label=null, version=7063ed57c111643a539dfdacc0be0104e7efc4f6, state=null
2019-03-13 10:55:45.594 [RMI TCP Connection(15)-127.0.0.1][shutdown:163] INFO  o.s.b.a.SpringApplicationAdminMXBeanRegistrar$SpringApplicationAdmin - Application shutdown requested.
2019-03-13 10:55:45.597 [RMI TCP Connection(15)-127.0.0.1][shutdown:208] INFO  o.s.s.c.ThreadPoolTaskExecutor - Shutting down ExecutorService 'applicationTaskExecutor'
2019-03-13 10:55:45.599 [RMI TCP Connection(15)-127.0.0.1][log:173] INFO  o.a.coyote.http11.Http11NioProtocol - Pausing ProtocolHandler ["http-nio-5002"]
2019-03-13 10:55:45.660 [RMI TCP Connection(15)-127.0.0.1][log:173] INFO  o.a.catalina.core.StandardService - Stopping service [Tomcat]
2019-03-13 10:55:45.661 [RMI TCP Connection(15)-127.0.0.1][log:173] INFO  o.a.c.c.C.[Tomcat].[localhost].[/] - Destroying Spring FrameworkServlet 'dispatcherServlet'
2019-03-13 10:55:45.664 [RMI TCP Connection(15)-127.0.0.1][log:173] INFO  o.a.coyote.http11.Http11NioProtocol - Stopping ProtocolHandler ["http-nio-5002"]
2019-03-13 10:55:45.665 [RMI TCP Connection(15)-127.0.0.1][log:173] INFO  o.a.coyote.http11.Http11NioProtocol - Destroying ProtocolHandler ["http-nio-5002"]
2019-03-13 10:55:49.624 [main][postProcessAfterInitialization:330] INFO  o.s.c.s.PostProcessorRegistrationDelegate$BeanPostProcessorChecker - Bean 'org.springframework.cloud.autoconfigure.ConfigurationPropertiesRebinderAutoConfiguration' of type [org.springframework.cloud.autoconfigure.ConfigurationPropertiesRebinderAutoConfiguration$$EnhancerBySpringCGLIB$$1a911a2f] is not eligible for getting processed by all BeanPostProcessors (for example: not eligible for auto-proxying)
2019-03-13 10:55:49.790 [main][getRemoteEnvironment:207] INFO  o.s.c.c.c.ConfigServicePropertySourceLocator - Fetching config from server at : http://localhost:5001
2019-03-13 10:55:50.472 [main][log:151] INFO  o.s.c.c.c.ConfigServicePropertySourceLocator - Located environment: name=sampleGateWay, profiles=[local], label=null, version=7063ed57c111643a539dfdacc0be0104e7efc4f6, state=null
2019-03-13 10:55:50.472 [main][initialize:101] INFO  o.s.c.b.c.PropertySourceBootstrapConfiguration - Located property source: CompositePropertySource {name='configService', propertySources=[MapPropertySource {name='configClient'}, MapPropertySource {name='https://github.com/smluv82/sampleConfigRepository/sampleGateWay-local.yml'}]}
2019-03-13 10:55:50.475 [main][logStartupProfileInfo:679] INFO  c.s.gateway.SampleGateWayApplication - The following profiles are active: local
2019-03-13 10:55:50.887 [main][setSerializationId:295] INFO  o.s.cloud.context.scope.GenericScope - BeanFactory id=655c9152-52bc-3ac5-a50b-84f503908722
2019-03-13 10:55:50.927 [main][postProcessAfterInitialization:330] INFO  o.s.c.s.PostProcessorRegistrationDelegate$BeanPostProcessorChecker - Bean 'org.springframework.cloud.autoconfigure.ConfigurationPropertiesRebinderAutoConfiguration' of type [org.springframework.cloud.autoconfigure.ConfigurationPropertiesRebinderAutoConfiguration$$EnhancerBySpringCGLIB$$1a911a2f] is not eligible for getting processed by all BeanPostProcessors (for example: not eligible for auto-proxying)
2019-03-13 10:55:51.072 [main][initialize:90] INFO  o.s.b.w.e.tomcat.TomcatWebServer - Tomcat initialized with port(s): 5002 (http)
2019-03-13 10:55:51.080 [main][log:173] INFO  o.a.coyote.http11.Http11NioProtocol - Initializing ProtocolHandler ["http-nio-5002"]
2019-03-13 10:55:51.084 [main][log:173] INFO  o.a.catalina.core.StandardService - Starting service [Tomcat]
2019-03-13 10:55:51.085 [main][log:173] INFO  o.a.catalina.core.StandardEngine - Starting Servlet engine: [Apache Tomcat/9.0.16]
2019-03-13 10:55:51.089 [main][log:173] INFO  o.a.c.core.AprLifecycleListener - The APR based Apache Tomcat Native library which allows optimal performance in production environments was not found on the java.library.path: [C:\Program Files\Java\jdk1.8.0_192\bin;C:\WINDOWS\Sun\Java\bin;C:\WINDOWS\system32;C:\WINDOWS;C:/Program Files/Java/jre1.8.0_192/bin/server;C:/Program Files/Java/jre1.8.0_192/bin;C:/Program Files/Java/jre1.8.0_192/lib/amd64;C:\Program Files (x86)\Common Files\Oracle\Java\javapath;C:\Program Files (x86)\Intel\Intel(R) Management Engine Components\iCLS\;C:\Program Files\Intel\Intel(R) Management Engine Components\iCLS\;C:\WINDOWS\system32;C:\WINDOWS;C:\WINDOWS\System32\Wbem;C:\WINDOWS\System32\WindowsPowerShell\v1.0\;C:\Program Files (x86)\Intel\Intel(R) Management Engine Components\DAL;C:\Program Files\Intel\Intel(R) Management Engine Components\DAL;C:\Program Files (x86)\Intel\Intel(R) Management Engine Components\IPT;C:\Program Files\Intel\Intel(R) Management Engine Components\IPT;C:\Program Files\Java\jdk1.8.0_192\bin;C:\Program Files\Git\cmd;C:\WINDOWS\System32\OpenSSH\;C:\Program Files\MongoDB\Server\4.0\bin;C:\Users\Owner\AppData\Local\Programs\Python\Python37-32\Scripts\;C:\Users\Owner\AppData\Local\Programs\Python\Python37-32\;C:\Users\Owner\AppData\Local\Microsoft\WindowsApps;;C:\Users\Owner\AppData\Local\Programs\Microsoft VS Code\bin;D:\development\sts-4.0.1.RELEASE;;.]
2019-03-13 10:55:51.182 [main][log:173] INFO  o.a.c.c.C.[Tomcat].[localhost].[/] - Initializing Spring embedded WebApplicationContext
2019-03-13 10:55:51.183 [main][prepareWebApplicationContext:296] INFO  o.s.web.context.ContextLoader - Root WebApplicationContext: initialization completed in 703 ms
2019-03-13 10:55:51.307 [main][<init>:121] WARN  c.n.c.sources.URLConfigurationSource - No URLs will be polled as dynamic configuration sources.
2019-03-13 10:55:51.308 [main][<init>:122] INFO  c.n.c.sources.URLConfigurationSource - To enable URLs as dynamic configuration sources, define System property archaius.configurationSource.additionalUrls or make config.properties available on classpath.
2019-03-13 10:55:51.314 [main][getInstance:281] INFO  c.n.config.DynamicPropertyFactory - DynamicPropertyFactory is initialized with configuration sources: com.netflix.config.ConcurrentCompositeConfiguration@6c008c24
2019-03-13 10:55:51.473 [main][<init>:121] WARN  c.n.c.sources.URLConfigurationSource - No URLs will be polled as dynamic configuration sources.
2019-03-13 10:55:51.473 [main][<init>:122] INFO  c.n.c.sources.URLConfigurationSource - To enable URLs as dynamic configuration sources, define System property archaius.configurationSource.additionalUrls or make config.properties available on classpath.
2019-03-13 10:55:51.561 [main][initialize:171] INFO  o.s.s.c.ThreadPoolTaskExecutor - Initializing ExecutorService 'applicationTaskExecutor'
2019-03-13 10:55:51.841 [main][<init>:59] INFO  o.s.b.a.e.web.EndpointLinksResolver - Exposing 18 endpoint(s) beneath base path '/actuator'
2019-03-13 10:55:51.890 [main][log:173] INFO  o.a.coyote.http11.Http11NioProtocol - Starting ProtocolHandler ["http-nio-5002"]
2019-03-13 10:55:51.903 [main][start:204] INFO  o.s.b.w.e.tomcat.TomcatWebServer - Tomcat started on port(s): 5002 (http) with context path ''
2019-03-13 10:55:51.905 [main][logStarted:59] INFO  c.s.gateway.SampleGateWayApplication - Started SampleGateWayApplication in 2.759 seconds (JVM running for 3.334)
2019-03-13 11:00:11.716 [RMI TCP Connection(15)-127.0.0.1][shutdown:163] INFO  o.s.b.a.SpringApplicationAdminMXBeanRegistrar$SpringApplicationAdmin - Application shutdown requested.
2019-03-13 11:00:11.718 [RMI TCP Connection(15)-127.0.0.1][shutdown:208] INFO  o.s.s.c.ThreadPoolTaskExecutor - Shutting down ExecutorService 'applicationTaskExecutor'
2019-03-13 11:00:11.720 [RMI TCP Connection(15)-127.0.0.1][log:173] INFO  o.a.coyote.http11.Http11NioProtocol - Pausing ProtocolHandler ["http-nio-5002"]
2019-03-13 11:00:11.778 [RMI TCP Connection(15)-127.0.0.1][log:173] INFO  o.a.catalina.core.StandardService - Stopping service [Tomcat]
2019-03-13 11:00:11.782 [RMI TCP Connection(15)-127.0.0.1][log:173] INFO  o.a.coyote.http11.Http11NioProtocol - Stopping ProtocolHandler ["http-nio-5002"]
2019-03-13 11:00:11.783 [RMI TCP Connection(15)-127.0.0.1][log:173] INFO  o.a.coyote.http11.Http11NioProtocol - Destroying ProtocolHandler ["http-nio-5002"]
2019-03-13 11:00:15.743 [main][postProcessAfterInitialization:330] INFO  o.s.c.s.PostProcessorRegistrationDelegate$BeanPostProcessorChecker - Bean 'org.springframework.cloud.autoconfigure.ConfigurationPropertiesRebinderAutoConfiguration' of type [org.springframework.cloud.autoconfigure.ConfigurationPropertiesRebinderAutoConfiguration$$EnhancerBySpringCGLIB$$1d9d1885] is not eligible for getting processed by all BeanPostProcessors (for example: not eligible for auto-proxying)
2019-03-13 11:00:15.906 [main][getRemoteEnvironment:207] INFO  o.s.c.c.c.ConfigServicePropertySourceLocator - Fetching config from server at : http://localhost:5001
2019-03-13 11:00:17.582 [main][log:151] INFO  o.s.c.c.c.ConfigServicePropertySourceLocator - Located environment: name=sampleGateWay, profiles=[local], label=null, version=f0b01c978634f79159908a5578cb5028d453e04e, state=null
2019-03-13 11:00:17.583 [main][initialize:101] INFO  o.s.c.b.c.PropertySourceBootstrapConfiguration - Located property source: CompositePropertySource {name='configService', propertySources=[MapPropertySource {name='configClient'}, MapPropertySource {name='https://github.com/smluv82/sampleConfigRepository/sampleGateWay-local.yml'}]}
2019-03-13 11:00:17.585 [main][logStartupProfileInfo:679] INFO  c.s.gateway.SampleGateWayApplication - The following profiles are active: local
2019-03-13 11:00:18.004 [main][setSerializationId:295] INFO  o.s.cloud.context.scope.GenericScope - BeanFactory id=655c9152-52bc-3ac5-a50b-84f503908722
2019-03-13 11:00:18.044 [main][postProcessAfterInitialization:330] INFO  o.s.c.s.PostProcessorRegistrationDelegate$BeanPostProcessorChecker - Bean 'org.springframework.cloud.autoconfigure.ConfigurationPropertiesRebinderAutoConfiguration' of type [org.springframework.cloud.autoconfigure.ConfigurationPropertiesRebinderAutoConfiguration$$EnhancerBySpringCGLIB$$1d9d1885] is not eligible for getting processed by all BeanPostProcessors (for example: not eligible for auto-proxying)
2019-03-13 11:00:18.188 [main][initialize:90] INFO  o.s.b.w.e.tomcat.TomcatWebServer - Tomcat initialized with port(s): 5002 (http)
2019-03-13 11:00:18.196 [main][log:173] INFO  o.a.coyote.http11.Http11NioProtocol - Initializing ProtocolHandler ["http-nio-5002"]
2019-03-13 11:00:18.200 [main][log:173] INFO  o.a.catalina.core.StandardService - Starting service [Tomcat]
2019-03-13 11:00:18.201 [main][log:173] INFO  o.a.catalina.core.StandardEngine - Starting Servlet engine: [Apache Tomcat/9.0.16]
2019-03-13 11:00:18.205 [main][log:173] INFO  o.a.c.core.AprLifecycleListener - The APR based Apache Tomcat Native library which allows optimal performance in production environments was not found on the java.library.path: [C:\Program Files\Java\jdk1.8.0_192\bin;C:\WINDOWS\Sun\Java\bin;C:\WINDOWS\system32;C:\WINDOWS;C:/Program Files/Java/jre1.8.0_192/bin/server;C:/Program Files/Java/jre1.8.0_192/bin;C:/Program Files/Java/jre1.8.0_192/lib/amd64;C:\Program Files (x86)\Common Files\Oracle\Java\javapath;C:\Program Files (x86)\Intel\Intel(R) Management Engine Components\iCLS\;C:\Program Files\Intel\Intel(R) Management Engine Components\iCLS\;C:\WINDOWS\system32;C:\WINDOWS;C:\WINDOWS\System32\Wbem;C:\WINDOWS\System32\WindowsPowerShell\v1.0\;C:\Program Files (x86)\Intel\Intel(R) Management Engine Components\DAL;C:\Program Files\Intel\Intel(R) Management Engine Components\DAL;C:\Program Files (x86)\Intel\Intel(R) Management Engine Components\IPT;C:\Program Files\Intel\Intel(R) Management Engine Components\IPT;C:\Program Files\Java\jdk1.8.0_192\bin;C:\Program Files\Git\cmd;C:\WINDOWS\System32\OpenSSH\;C:\Program Files\MongoDB\Server\4.0\bin;C:\Users\Owner\AppData\Local\Programs\Python\Python37-32\Scripts\;C:\Users\Owner\AppData\Local\Programs\Python\Python37-32\;C:\Users\Owner\AppData\Local\Microsoft\WindowsApps;;C:\Users\Owner\AppData\Local\Programs\Microsoft VS Code\bin;D:\development\sts-4.0.1.RELEASE;;.]
2019-03-13 11:00:18.299 [main][log:173] INFO  o.a.c.c.C.[Tomcat].[localhost].[/] - Initializing Spring embedded WebApplicationContext
2019-03-13 11:00:18.300 [main][prepareWebApplicationContext:296] INFO  o.s.web.context.ContextLoader - Root WebApplicationContext: initialization completed in 710 ms
2019-03-13 11:00:18.425 [main][<init>:121] WARN  c.n.c.sources.URLConfigurationSource - No URLs will be polled as dynamic configuration sources.
2019-03-13 11:00:18.425 [main][<init>:122] INFO  c.n.c.sources.URLConfigurationSource - To enable URLs as dynamic configuration sources, define System property archaius.configurationSource.additionalUrls or make config.properties available on classpath.
2019-03-13 11:00:18.432 [main][getInstance:281] INFO  c.n.config.DynamicPropertyFactory - DynamicPropertyFactory is initialized with configuration sources: com.netflix.config.ConcurrentCompositeConfiguration@2b2f5fcf
2019-03-13 11:00:18.586 [main][<init>:121] WARN  c.n.c.sources.URLConfigurationSource - No URLs will be polled as dynamic configuration sources.
2019-03-13 11:00:18.587 [main][<init>:122] INFO  c.n.c.sources.URLConfigurationSource - To enable URLs as dynamic configuration sources, define System property archaius.configurationSource.additionalUrls or make config.properties available on classpath.
2019-03-13 11:00:18.681 [main][initialize:171] INFO  o.s.s.c.ThreadPoolTaskExecutor - Initializing ExecutorService 'applicationTaskExecutor'
2019-03-13 11:00:18.956 [main][<init>:59] INFO  o.s.b.a.e.web.EndpointLinksResolver - Exposing 18 endpoint(s) beneath base path '/actuator'
2019-03-13 11:00:19.008 [main][log:173] INFO  o.a.coyote.http11.Http11NioProtocol - Starting ProtocolHandler ["http-nio-5002"]
2019-03-13 11:00:19.021 [main][start:204] INFO  o.s.b.w.e.tomcat.TomcatWebServer - Tomcat started on port(s): 5002 (http) with context path ''
2019-03-13 11:00:19.022 [main][logStarted:59] INFO  c.s.gateway.SampleGateWayApplication - Started SampleGateWayApplication in 3.749 seconds (JVM running for 4.316)
2019-03-13 11:00:25.110 [http-nio-5002-exec-1][log:173] INFO  o.a.c.c.C.[Tomcat].[localhost].[/] - Initializing Spring DispatcherServlet 'dispatcherServlet'
2019-03-13 11:00:25.110 [http-nio-5002-exec-1][initServletBean:524] INFO  o.s.web.servlet.DispatcherServlet - Initializing Servlet 'dispatcherServlet'
2019-03-13 11:00:25.114 [http-nio-5002-exec-1][initServletBean:546] INFO  o.s.web.servlet.DispatcherServlet - Completed initialization in 4 ms
2019-03-13 11:02:41.782 [http-nio-5002-exec-9][logException:197] WARN  o.s.w.s.m.s.DefaultHandlerExceptionResolver - Resolved [org.springframework.web.HttpRequestMethodNotSupportedException: Request method 'GET' not supported]
2019-03-13 11:03:09.185 [http-nio-5002-exec-2][logException:197] WARN  o.s.w.s.m.s.DefaultHandlerExceptionResolver - Resolved [org.springframework.web.HttpRequestMethodNotSupportedException: Request method 'GET' not supported]
2019-03-13 11:03:14.174 [http-nio-5002-exec-3][postProcessAfterInitialization:330] INFO  o.s.c.s.PostProcessorRegistrationDelegate$BeanPostProcessorChecker - Bean 'org.springframework.cloud.autoconfigure.ConfigurationPropertiesRebinderAutoConfiguration' of type [org.springframework.cloud.autoconfigure.ConfigurationPropertiesRebinderAutoConfiguration$$EnhancerBySpringCGLIB$$1d9d1885] is not eligible for getting processed by all BeanPostProcessors (for example: not eligible for auto-proxying)
2019-03-13 11:03:14.272 [http-nio-5002-exec-3][getRemoteEnvironment:207] INFO  o.s.c.c.c.ConfigServicePropertySourceLocator - Fetching config from server at : http://localhost:5001
2019-03-13 11:03:14.996 [http-nio-5002-exec-3][log:151] INFO  o.s.c.c.c.ConfigServicePropertySourceLocator - Located environment: name=sampleGateWay, profiles=[local], label=null, version=f0b01c978634f79159908a5578cb5028d453e04e, state=null
2019-03-13 11:03:14.996 [http-nio-5002-exec-3][initialize:101] INFO  o.s.c.b.c.PropertySourceBootstrapConfiguration - Located property source: CompositePropertySource {name='configService', propertySources=[MapPropertySource {name='configClient'}, MapPropertySource {name='https://github.com/smluv82/sampleConfigRepository/sampleGateWay-local.yml'}]}
2019-03-13 11:03:14.997 [http-nio-5002-exec-3][logStartupProfileInfo:679] INFO  o.s.boot.SpringApplication - The following profiles are active: local
2019-03-13 11:03:15.000 [http-nio-5002-exec-3][logStarted:59] INFO  o.s.boot.SpringApplication - Started application in 0.955 seconds (JVM running for 180.294)
2019-03-13 13:19:14.333 [RMI TCP Connection(150)-127.0.0.1][shutdown:163] INFO  o.s.b.a.SpringApplicationAdminMXBeanRegistrar$SpringApplicationAdmin - Application shutdown requested.
2019-03-13 13:19:14.335 [RMI TCP Connection(150)-127.0.0.1][shutdown:208] INFO  o.s.s.c.ThreadPoolTaskExecutor - Shutting down ExecutorService 'applicationTaskExecutor'
2019-03-13 13:19:14.336 [RMI TCP Connection(150)-127.0.0.1][log:173] INFO  o.a.coyote.http11.Http11NioProtocol - Pausing ProtocolHandler ["http-nio-5002"]
2019-03-13 13:19:14.396 [RMI TCP Connection(150)-127.0.0.1][log:173] INFO  o.a.catalina.core.StandardService - Stopping service [Tomcat]
2019-03-13 13:19:14.397 [RMI TCP Connection(150)-127.0.0.1][log:173] INFO  o.a.c.c.C.[Tomcat].[localhost].[/] - Destroying Spring FrameworkServlet 'dispatcherServlet'
2019-03-13 13:19:14.400 [RMI TCP Connection(150)-127.0.0.1][log:173] INFO  o.a.coyote.http11.Http11NioProtocol - Stopping ProtocolHandler ["http-nio-5002"]
2019-03-13 13:19:14.401 [RMI TCP Connection(150)-127.0.0.1][log:173] INFO  o.a.coyote.http11.Http11NioProtocol - Destroying ProtocolHandler ["http-nio-5002"]
